<?xml version="1.0" encoding="UTF-8"?>
<testng-results skipped="0" failed="1" total="3" passed="2">
  <reporter-output>
  </reporter-output>
  <suite name="Default suite" duration-ms="198752" started-at="2018-09-09T07:14:56Z" finished-at="2018-09-09T07:18:15Z">
    <groups>
    </groups>
    <test name="Default test" duration-ms="198752" started-at="2018-09-09T07:14:56Z" finished-at="2018-09-09T07:18:15Z">
      <class name="ApplicationFunctionalTests">
        <test-method status="PASS" signature="Init()[pri:0, instance:ApplicationFunctionalTests@130015a]" name="Init" is-config="true" duration-ms="25408" started-at="2018-09-09T15:14:56Z" finished-at="2018-09-09T15:15:21Z">
          <reporter-output>
          </reporter-output>
        </test-method> <!-- Init -->
        <test-method status="FAIL" signature="TestGuru1()[pri:0, instance:ApplicationFunctionalTests@130015a]" name="TestGuru1" duration-ms="173298" started-at="2018-09-09T15:15:21Z" finished-at="2018-09-09T15:18:15Z">
          <exception class="org.openqa.selenium.NoSuchWindowException">
            <message>
              <![CDATA[Browsing context has been discarded
Build info: version: '3.14.0', revision: 'aacccce0', time: '2018-08-02T20:05:20.749Z'
System info: host: 'HP-PC', ip: '192.168.42.143', os.name: 'Windows 7', os.arch: 'x86', os.version: '6.1', java.version: '1.8.0_161'
Driver info: org.openqa.selenium.firefox.FirefoxDriver
Capabilities {acceptInsecureCerts: true, browserName: firefox, browserVersion: 60.0.2, javascriptEnabled: true, moz:accessibilityChecks: false, moz:headless: false, moz:processID: 3900, moz:profile: C:\Users\hp\AppData\Local\T..., moz:useNonSpecCompliantPointerOrigin: false, moz:webdriverClick: true, pageLoadStrategy: normal, platform: XP, platformName: XP, platformVersion: 6.1, rotatable: false, timeouts: {implicit: 0, pageLoad: 300000, script: 30000}}
Session ID: 6693e0a3-91bb-4ceb-8711-ba846de433ce]]>
            </message>
            <full-stacktrace>
              <![CDATA[org.openqa.selenium.NoSuchWindowException: Browsing context has been discarded
Build info: version: '3.14.0', revision: 'aacccce0', time: '2018-08-02T20:05:20.749Z'
System info: host: 'HP-PC', ip: '192.168.42.143', os.name: 'Windows 7', os.arch: 'x86', os.version: '6.1', java.version: '1.8.0_161'
Driver info: org.openqa.selenium.firefox.FirefoxDriver
Capabilities {acceptInsecureCerts: true, browserName: firefox, browserVersion: 60.0.2, javascriptEnabled: true, moz:accessibilityChecks: false, moz:headless: false, moz:processID: 3900, moz:profile: C:\Users\hp\AppData\Local\T..., moz:useNonSpecCompliantPointerOrigin: false, moz:webdriverClick: true, pageLoadStrategy: normal, platform: XP, platformName: XP, platformVersion: 6.1, rotatable: false, timeouts: {implicit: 0, pageLoad: 300000, script: 30000}}
Session ID: 6693e0a3-91bb-4ceb-8711-ba846de433ce
	at sun.reflect.NativeConstructorAccessorImpl.newInstance0(Native Method)
	at sun.reflect.NativeConstructorAccessorImpl.newInstance(Unknown Source)
	at sun.reflect.DelegatingConstructorAccessorImpl.newInstance(Unknown Source)
	at java.lang.reflect.Constructor.newInstance(Unknown Source)
	at org.openqa.selenium.remote.http.W3CHttpResponseCodec.createException(W3CHttpResponseCodec.java:187)
	at org.openqa.selenium.remote.http.W3CHttpResponseCodec.decode(W3CHttpResponseCodec.java:122)
	at org.openqa.selenium.remote.http.W3CHttpResponseCodec.decode(W3CHttpResponseCodec.java:49)
	at org.openqa.selenium.remote.HttpCommandExecutor.execute(HttpCommandExecutor.java:158)
	at org.openqa.selenium.remote.service.DriverCommandExecutor.execute(DriverCommandExecutor.java:83)
	at org.openqa.selenium.remote.RemoteWebDriver.execute(RemoteWebDriver.java:548)
	at org.openqa.selenium.remote.RemoteWebDriver.execute(RemoteWebDriver.java:605)
	at org.openqa.selenium.remote.RemoteWebDriver.getTitle(RemoteWebDriver.java:280)
	at ApplicationFunctionalTests.TestGuru1(ApplicationFunctionalTests.java:24)
	at sun.reflect.NativeMethodAccessorImpl.invoke0(Native Method)
	at sun.reflect.NativeMethodAccessorImpl.invoke(Unknown Source)
	at sun.reflect.DelegatingMethodAccessorImpl.invoke(Unknown Source)
	at java.lang.reflect.Method.invoke(Unknown Source)
	at org.testng.internal.MethodInvocationHelper.invokeMethod(MethodInvocationHelper.java:84)
	at org.testng.internal.Invoker.invokeMethod(Invoker.java:714)
	at org.testng.internal.Invoker.invokeTestMethod(Invoker.java:901)
	at org.testng.internal.Invoker.invokeTestMethods(Invoker.java:1231)
	at org.testng.internal.TestMethodWorker.invokeTestMethods(TestMethodWorker.java:127)
	at org.testng.internal.TestMethodWorker.run(TestMethodWorker.java:111)
	at org.testng.TestRunner.privateRun(TestRunner.java:767)
	at org.testng.TestRunner.run(TestRunner.java:617)
	at org.testng.SuiteRunner.runTest(SuiteRunner.java:334)
	at org.testng.SuiteRunner.runSequentially(SuiteRunner.java:329)
	at org.testng.SuiteRunner.privateRun(SuiteRunner.java:291)
	at org.testng.SuiteRunner.run(SuiteRunner.java:240)
	at org.testng.SuiteRunnerWorker.runSuite(SuiteRunnerWorker.java:52)
	at org.testng.SuiteRunnerWorker.run(SuiteRunnerWorker.java:86)
	at org.testng.TestNG.runSuitesSequentially(TestNG.java:1224)
	at org.testng.TestNG.runSuitesLocally(TestNG.java:1149)
	at org.testng.TestNG.run(TestNG.java:1057)
	at org.testng.remote.RemoteTestNG.run(RemoteTestNG.java:111)
	at org.testng.remote.RemoteTestNG.initAndRun(RemoteTestNG.java:204)
	at org.testng.remote.RemoteTestNG.main(RemoteTestNG.java:175)
]]>
            </full-stacktrace>
          </exception> <!-- org.openqa.selenium.NoSuchWindowException -->
          <reporter-output>
          </reporter-output>
        </test-method> <!-- TestGuru1 -->
        <test-method status="PASS" signature="TestGuru2()[pri:0, instance:ApplicationFunctionalTests@130015a]" name="TestGuru2" duration-ms="0" started-at="2018-09-09T15:18:15Z" finished-at="2018-09-09T15:18:15Z">
          <reporter-output>
          </reporter-output>
        </test-method> <!-- TestGuru2 -->
        <test-method status="PASS" signature="TestGuru3()[pri:0, instance:ApplicationFunctionalTests@130015a]" name="TestGuru3" duration-ms="0" started-at="2018-09-09T15:18:15Z" finished-at="2018-09-09T15:18:15Z">
          <reporter-output>
          </reporter-output>
        </test-method> <!-- TestGuru3 -->
        <test-method status="PASS" signature="Teardown()[pri:0, instance:ApplicationFunctionalTests@130015a]" name="Teardown" is-config="true" duration-ms="0" started-at="2018-09-09T15:18:15Z" finished-at="2018-09-09T15:18:15Z">
          <reporter-output>
          </reporter-output>
        </test-method> <!-- Teardown -->
      </class> <!-- ApplicationFunctionalTests -->
    </test> <!-- Default test -->
  </suite> <!-- Default suite -->
</testng-results>
