<?xml version="1.0" encoding="UTF-8"?>
<testng-results skipped="0" failed="0" total="3" passed="3">
  <reporter-output>
  </reporter-output>
  <suite name="Suite" duration-ms="42414" started-at="2018-09-10T13:31:45Z" finished-at="2018-09-10T13:32:27Z">
    <groups>
    </groups>
    <test name="test" duration-ms="42414" started-at="2018-09-10T13:31:45Z" finished-at="2018-09-10T13:32:27Z">
      <class name="com.tests.ApplicationFunctionalTests">
        <test-method status="PASS" signature="Init()[pri:0, instance:com.tests.ApplicationFunctionalTests@130015a]" name="Init" is-config="true" duration-ms="30618" started-at="2018-09-10T21:31:45Z" finished-at="2018-09-10T21:32:15Z">
          <reporter-output>
          </reporter-output>
        </test-method> <!-- Init -->
        <test-method status="PASS" signature="TestGuru1()[pri:0, instance:com.tests.ApplicationFunctionalTests@130015a]" name="TestGuru1" duration-ms="8878" started-at="2018-09-10T21:32:15Z" finished-at="2018-09-10T21:32:24Z">
          <reporter-output>
          </reporter-output>
        </test-method> <!-- TestGuru1 -->
        <test-method status="PASS" signature="TestGuru2()[pri:0, instance:com.tests.ApplicationFunctionalTests@130015a]" name="TestGuru2" duration-ms="1" started-at="2018-09-10T21:32:24Z" finished-at="2018-09-10T21:32:24Z">
          <reporter-output>
          </reporter-output>
        </test-method> <!-- TestGuru2 -->
        <test-method status="PASS" signature="TestGuru3()[pri:0, instance:com.tests.ApplicationFunctionalTests@130015a]" name="TestGuru3" duration-ms="1" started-at="2018-09-10T21:32:24Z" finished-at="2018-09-10T21:32:24Z">
          <reporter-output>
          </reporter-output>
        </test-method> <!-- TestGuru3 -->
        <test-method status="PASS" signature="Teardown()[pri:0, instance:com.tests.ApplicationFunctionalTests@130015a]" name="Teardown" is-config="true" duration-ms="2896" started-at="2018-09-10T21:32:24Z" finished-at="2018-09-10T21:32:27Z">
          <reporter-output>
          </reporter-output>
        </test-method> <!-- Teardown -->
      </class> <!-- com.tests.ApplicationFunctionalTests -->
    </test> <!-- test -->
  </suite> <!-- Suite -->
</testng-results>
